# project  configured on Mon May  1 00:07:15 2017 by
# waf 1.7.11 (abi 98, python 2070af0 on darwin)
# using /Users/ezequieldeluca/Library/Application Support/Pebble SDK/SDKs/current/sdk-core/pebble/waf configure
#
----------------------------------------
Setting top to
/Users/ezequieldeluca/Documents/Development/Projects/Pebble/wf_digital
----------------------------------------
Setting out to
/Users/ezequieldeluca/Documents/Development/Projects/Pebble/wf_digital/build
----------------------------------------
Checking for program webpack
/Users/ezequieldeluca/Library/Application Support/Pebble SDK/SDKs/current/node_modules/.bin/webpack
find program=['webpack'] paths=['/Users/ezequieldeluca/Library/Application Support/Pebble SDK/SDKs/current/node_modules/.bin'] var='WEBPACK' -> '/Users/ezequieldeluca/Library/Application Support/Pebble SDK/SDKs/current/node_modules/.bin/webpack'
----------------------------------------
Checking for program node,nodejs
/Users/ezequieldeluca/.nvm/versions/node/v7.9.0/bin/node
find program=['node', 'nodejs'] paths=['/usr/local/Cellar/pebble-toolchain/2.0/arm-cs-tools/bin', '/Users/ezequieldeluca/.nvm/versions/node/v7.9.0/bin', '/Users/ezequieldeluca/.rvm/gems/ruby-2.3.0@Rails5.0/bin', '/Users/ezequieldeluca/.rvm/bin', '/Users/ezequieldeluca/.rvm/gems/ruby-2.2.1/bin', '/Users/ezequieldeluca/.rvm/gems/ruby-2.2.1@global/bin', '/Users/ezequieldeluca/.rvm/rubies/ruby-2.2.1/bin', '/usr/local/bin', '\xe2\x80\x9c/Library/Frameworks/Python.framework/Versions/3.4/bin', '/usr/local/bin', '/usr/bin', '/bin', '/usr/sbin', '/sbin', '/Library/TeX/texbin\xe2\x80\x9d', '/Users/ezequieldeluca/.rvm/gems/ruby-2.4.1@rails510rc1/bin', '/Users/ezequieldeluca/.rvm/gems/ruby-2.4.1@global/bin', '/Users/ezequieldeluca/.rvm/rubies/ruby-2.4.1/bin', '/Users/ezequieldeluca/.rvm/gems/ruby-2.3.0@Rails5.0/bin', '/Users/ezequieldeluca/.rvm/bin', '/Users/ezequieldeluca/.node/bin', '/Users/ezequieldeluca/.rvm/gems/ruby-2.2.1/bin', '/Users/ezequieldeluca/.rvm/gems/ruby-2.2.1@global/bin', '/Users/ezequieldeluca/.rvm/rubies/ruby-2.2.1/bin', '/usr/local/bin', '\xe2\x80\x9c/Library/Frameworks/Python.framework/Versions/3.4/bin', '/usr/local/bin', '/usr/bin', '/bin', '/usr/sbin', '/sbin', '/Library/TeX/texbin\xe2\x80\x9d', '/usr/local/bin', '/usr/bin', '/bin', '/usr/sbin', '/sbin', '/opt/X11/bin', '/Library/TeX/texbin', '/Users/ezequieldeluca/.rvm/bin', '/Users/ezequieldeluca/.rvm/bin', ''] var='NODE' -> '/Users/ezequieldeluca/.nvm/versions/node/v7.9.0/bin/node'
----------------------------------------
Found Pebble SDK for emery in:
/Users/ezequieldeluca/Library/Application Support/Pebble SDK/SDKs/current/sdk-core/pebble/emery
----------------------------------------
Checking for program gcc,cc
arm-none-eabi-gcc
find program=['gcc', 'cc'] paths='' var='CC' -> 'arm-none-eabi-gcc'
----------------------------------------
Checking for program ar
arm-none-eabi-ar
find program=['ar'] paths='' var='AR' -> 'arm-none-eabi-ar'
----------------------------------------
Found Pebble SDK for diorite in:
/Users/ezequieldeluca/Library/Application Support/Pebble SDK/SDKs/current/sdk-core/pebble/diorite
----------------------------------------
Checking for program gcc,cc
arm-none-eabi-gcc
find program=['gcc', 'cc'] paths='' var='CC' -> 'arm-none-eabi-gcc'
----------------------------------------
Checking for program ar
arm-none-eabi-ar
find program=['ar'] paths='' var='AR' -> 'arm-none-eabi-ar'
----------------------------------------
Found Pebble SDK for chalk in:
/Users/ezequieldeluca/Library/Application Support/Pebble SDK/SDKs/current/sdk-core/pebble/chalk
----------------------------------------
Checking for program gcc,cc
arm-none-eabi-gcc
find program=['gcc', 'cc'] paths='' var='CC' -> 'arm-none-eabi-gcc'
----------------------------------------
Checking for program ar
arm-none-eabi-ar
find program=['ar'] paths='' var='AR' -> 'arm-none-eabi-ar'
----------------------------------------
Found Pebble SDK for basalt in:
/Users/ezequieldeluca/Library/Application Support/Pebble SDK/SDKs/current/sdk-core/pebble/basalt
----------------------------------------
Checking for program gcc,cc
arm-none-eabi-gcc
find program=['gcc', 'cc'] paths='' var='CC' -> 'arm-none-eabi-gcc'
----------------------------------------
Checking for program ar
arm-none-eabi-ar
find program=['ar'] paths='' var='AR' -> 'arm-none-eabi-ar'
